testMaps/android/app/build/intermediates/manifest_merge_blame_file/debug/manifest-merger-blame-debug-report.txt
1<?xml version="1.0" encoding="utf-8"?>
2<manifest xmlns:android="http://schemas.android.com/apk/res/android"
3    package="com.testmaps"
4    android:versionCode="1"
5    android:versionName="1.0" >
6
7    <uses-sdk
8        android:minSdkVersion="21"
9        android:targetSdkVersion="29" />
10
11    <uses-permission android:name="android.permission.SYSTEM_ALERT_WINDOW" />
11-->src/debug/AndroidManifest.xml:5:5-77
11-->src/debug/AndroidManifest.xml:5:22-75
12    <uses-permission android:name="android.permission.INTERNET" />
12-->src/main/AndroidManifest.xml:4:5-67
12-->src/main/AndroidManifest.xml:4:22-64
13    <uses-permission android:name="android.permission.CAMERA" />
13-->src/main/AndroidManifest.xml:6:5-64
13-->src/main/AndroidManifest.xml:6:22-62
14    <uses-permission android:name="android.permission.WRITE_EXTERNAL_STORAGE" />
14-->src/main/AndroidManifest.xml:7:5-80
14-->src/main/AndroidManifest.xml:7:22-78
15    <uses-permission android:name="android.permission.ACCESS_FINE_LOCATION" />
15-->src/main/AndroidManifest.xml:8:5-79
15-->src/main/AndroidManifest.xml:8:22-76
16    <uses-permission android:name="android.permission.ACCESS_WIFI_STATE" />
16-->[com.facebook.flipper:flipper:0.75.1] AndroidManifest.xml:16:5-76
16-->[com.facebook.flipper:flipper:0.75.1] AndroidManifest.xml:16:22-73
17    <uses-permission android:name="android.permission.ACCESS_COARSE_LOCATION" /> <!-- Include required permissions for Google Maps API to run. -->
17-->[:react-native-maps] AndroidManifest.xml:10:5-81
17-->[:react-native-maps] AndroidManifest.xml:10:22-78
18    <uses-permission android:name="android.permission.ACCESS_NETWORK_STATE" />
18-->[com.google.android.gms:play-services-maps:17.0.0] AndroidManifest.xml:23:5-79
18-->[com.google.android.gms:play-services-maps:17.0.0] AndroidManifest.xml:23:22-76
19
20    <uses-feature
20-->[com.google.android.gms:play-services-maps:17.0.0] AndroidManifest.xml:26:5-28:35
21        android:glEsVersion="0x00020000"
21-->[com.google.android.gms:play-services-maps:17.0.0] AndroidManifest.xml:27:9-41
22        android:required="true" />
22-->[com.google.android.gms:play-services-maps:17.0.0] AndroidManifest.xml:28:9-32
23
24    <application
24-->src/main/AndroidManifest.xml:10:5-31:19
25        android:name="com.testmaps.MainApplication"
25-->src/main/AndroidManifest.xml:11:7-38
26        android:allowBackup="false"
26-->src/main/AndroidManifest.xml:15:7-34
27        android:appComponentFactory="androidx.core.app.CoreComponentFactory"
27-->[androidx.core:core:1.3.1] AndroidManifest.xml:24:18-86
28        android:debuggable="true"
29        android:icon="@mipmap/ic_launcher"
29-->src/main/AndroidManifest.xml:13:7-41
30        android:label="@string/app_name"
30-->src/main/AndroidManifest.xml:12:7-39
31        android:roundIcon="@mipmap/ic_launcher_round"
31-->src/main/AndroidManifest.xml:14:7-52
32        android:theme="@style/AppTheme"
32-->src/main/AndroidManifest.xml:16:7-38
33        android:usesCleartextTraffic="true" >
33-->src/debug/AndroidManifest.xml:8:9-44
34        <activity android:name="com.facebook.react.devsupport.DevSettingsActivity" />
34-->src/debug/AndroidManifest.xml:11:9-86
34-->src/debug/AndroidManifest.xml:11:19-83
35
36        <meta-data
36-->src/main/AndroidManifest.xml:17:9-19:64
37            android:name="com.google.android.maps.v2.API_KEY"
37-->src/main/AndroidManifest.xml:18:7-56
38            android:value="AIzaSyD2CxkX_56WjIzdYruMWqifM4xMtgOGpME" />
38-->src/main/AndroidManifest.xml:19:7-62
39
40        <activity
40-->src/main/AndroidManifest.xml:20:7-30:18
41            android:name="com.testmaps.MainActivity"
41-->src/main/AndroidManifest.xml:21:9-37
42            android:configChanges="keyboard|keyboardHidden|orientation|screenSize|uiMode"
42-->src/main/AndroidManifest.xml:23:9-86
43            android:label="@string/app_name"
43-->src/main/AndroidManifest.xml:22:9-41
44            android:launchMode="singleTask"
44-->src/main/AndroidManifest.xml:24:9-40
45            android:windowSoftInputMode="adjustResize" >
45-->src/main/AndroidManifest.xml:25:9-51
46            <intent-filter>
46-->src/main/AndroidManifest.xml:26:9-29:25
47                <action android:name="android.intent.action.MAIN" />
47-->src/main/AndroidManifest.xml:27:13-65
47-->src/main/AndroidManifest.xml:27:21-62
48
49                <category android:name="android.intent.category.LAUNCHER" />
49-->src/main/AndroidManifest.xml:28:13-73
49-->src/main/AndroidManifest.xml:28:23-70
50            </intent-filter>
51        </activity>
52
53        <provider
53-->[:react-native-image-picker] AndroidManifest.xml:12:9-20:20
54            android:name="com.imagepicker.ImagePickerProvider"
54-->[:react-native-image-picker] AndroidManifest.xml:13:13-63
55            android:authorities="com.testmaps.imagepickerprovider"
55-->[:react-native-image-picker] AndroidManifest.xml:14:13-71
56            android:exported="false"
56-->[:react-native-image-picker] AndroidManifest.xml:15:13-37
57            android:grantUriPermissions="true" >
57-->[:react-native-image-picker] AndroidManifest.xml:16:13-47
58            <meta-data
58-->[:react-native-image-picker] AndroidManifest.xml:17:13-19:70
59                android:name="android.support.FILE_PROVIDER_PATHS"
59-->[:react-native-image-picker] AndroidManifest.xml:18:17-67
60                android:resource="@xml/imagepicker_provider_paths" />
60-->[:react-native-image-picker] AndroidManifest.xml:19:17-67
61        </provider> <!-- Needs to be explicitly declared on P+ -->
62        <uses-library
62-->[com.google.android.gms:play-services-maps:17.0.0] AndroidManifest.xml:33:9-35:40
63            android:name="org.apache.http.legacy"
63-->[com.google.android.gms:play-services-maps:17.0.0] AndroidManifest.xml:34:13-50
64            android:required="false" />
64-->[com.google.android.gms:play-services-maps:17.0.0] AndroidManifest.xml:35:13-37
65
66        <activity
66-->[com.google.android.gms:play-services-base:17.0.0] AndroidManifest.xml:23:9-26:75
67            android:name="com.google.android.gms.common.api.GoogleApiActivity"
67-->[com.google.android.gms:play-services-base:17.0.0] AndroidManifest.xml:24:13-79
68            android:exported="false"
68-->[com.google.android.gms:play-services-base:17.0.0] AndroidManifest.xml:25:13-37
69            android:theme="@android:style/Theme.Translucent.NoTitleBar" />
69-->[com.google.android.gms:play-services-base:17.0.0] AndroidManifest.xml:26:13-72
70
71        <meta-data
71-->[com.google.android.gms:play-services-basement:17.0.0] AndroidManifest.xml:23:9-25:69
72            android:name="com.google.android.gms.version"
72-->[com.google.android.gms:play-services-basement:17.0.0] AndroidManifest.xml:24:13-58
73            android:value="@integer/google_play_services_version" />
73-->[com.google.android.gms:play-services-basement:17.0.0] AndroidManifest.xml:25:13-66
74    </application>
75
76</manifest>